Determining if the pthread_create exist failed with the following output:
Change Dir: /home/pulver/mcdm_ws/src/mcdm_exploration_ros_node/cmake-build-debug/CMakeFiles/CMakeTmp

Run Build Command(s):/usr/bin/make cmTC_c912b/fast 
/usr/bin/make -f CMakeFiles/cmTC_c912b.dir/build.make CMakeFiles/cmTC_c912b.dir/build
make[1]: Entering directory '/home/pulver/mcdm_ws/src/mcdm_exploration_ros_node/cmake-build-debug/CMakeFiles/CMakeTmp'
Building C object CMakeFiles/cmTC_c912b.dir/CheckSymbolExists.c.o
/usr/bin/cc    -o CMakeFiles/cmTC_c912b.dir/CheckSymbolExists.c.o   -c /home/pulver/mcdm_ws/src/mcdm_exploration_ros_node/cmake-build-debug/CMakeFiles/CMakeTmp/CheckSymbolExists.c
Linking C executable cmTC_c912b
/snap/clion/69/bin/cmake/linux/bin/cmake -E cmake_link_script CMakeFiles/cmTC_c912b.dir/link.txt --verbose=1
/usr/bin/cc      -rdynamic CMakeFiles/cmTC_c912b.dir/CheckSymbolExists.c.o  -o cmTC_c912b 
CMakeFiles/cmTC_c912b.dir/CheckSymbolExists.c.o: In function `main':
CheckSymbolExists.c:(.text+0x16): undefined reference to `pthread_create'
collect2: error: ld returned 1 exit status
CMakeFiles/cmTC_c912b.dir/build.make:86: recipe for target 'cmTC_c912b' failed
make[1]: *** [cmTC_c912b] Error 1
make[1]: Leaving directory '/home/pulver/mcdm_ws/src/mcdm_exploration_ros_node/cmake-build-debug/CMakeFiles/CMakeTmp'
Makefile:121: recipe for target 'cmTC_c912b/fast' failed
make: *** [cmTC_c912b/fast] Error 2

File /home/pulver/mcdm_ws/src/mcdm_exploration_ros_node/cmake-build-debug/CMakeFiles/CMakeTmp/CheckSymbolExists.c:
/* */
#include <pthread.h>

int main(int argc, char** argv)
{
  (void)argv;
#ifndef pthread_create
  return ((int*)(&pthread_create))[argc];
#else
  (void)argc;
  return 0;
#endif
}

Determining if the function pthread_create exists in the pthreads failed with the following output:
Change Dir: /home/pulver/mcdm_ws/src/mcdm_exploration_ros_node/cmake-build-debug/CMakeFiles/CMakeTmp

Run Build Command(s):/usr/bin/make cmTC_b5f71/fast 
/usr/bin/make -f CMakeFiles/cmTC_b5f71.dir/build.make CMakeFiles/cmTC_b5f71.dir/build
make[1]: Entering directory '/home/pulver/mcdm_ws/src/mcdm_exploration_ros_node/cmake-build-debug/CMakeFiles/CMakeTmp'
Building C object CMakeFiles/cmTC_b5f71.dir/CheckFunctionExists.c.o
/usr/bin/cc   -DCHECK_FUNCTION_EXISTS=pthread_create   -o CMakeFiles/cmTC_b5f71.dir/CheckFunctionExists.c.o   -c /snap/clion/69/bin/cmake/linux/share/cmake-3.14/Modules/CheckFunctionExists.c
Linking C executable cmTC_b5f71
/snap/clion/69/bin/cmake/linux/bin/cmake -E cmake_link_script CMakeFiles/cmTC_b5f71.dir/link.txt --verbose=1
/usr/bin/cc  -DCHECK_FUNCTION_EXISTS=pthread_create    -rdynamic CMakeFiles/cmTC_b5f71.dir/CheckFunctionExists.c.o  -o cmTC_b5f71 -lpthreads 
/usr/bin/ld: cannot find -lpthreads
collect2: error: ld returned 1 exit status
CMakeFiles/cmTC_b5f71.dir/build.make:86: recipe for target 'cmTC_b5f71' failed
make[1]: *** [cmTC_b5f71] Error 1
make[1]: Leaving directory '/home/pulver/mcdm_ws/src/mcdm_exploration_ros_node/cmake-build-debug/CMakeFiles/CMakeTmp'
Makefile:121: recipe for target 'cmTC_b5f71/fast' failed
make: *** [cmTC_b5f71/fast] Error 2


